2025-06-27 08:13:00 | INFO | repo=arquillian-phantom-binary | action=commit
2025-02-19 17:48:00 | WARN | repo=arquillian-phantom-binary | action=commit
2025-12-08 18:57:00 | DEBUG | repo=arquillian-phantom-binary | action=commit
2025-06-15 11:36:00 | INFO | repo=arquillian-phantom-binary | action=commit
2025-03-03 08:18:00 | INFO | repo=arquillian-phantom-binary | action=commit
2025-11-11 11:31:00 | INFO | repo=arquillian-phantom-binary | action=commit
2025-04-23 19:31:00 | DEBUG | repo=arquillian-phantom-binary | action=commit
2025-10-07 07:43:00 | DEBUG | repo=arquillian-phantom-binary | action=test | passed=true
2025-05-05 07:06:00 | DEBUG | repo=arquillian-phantom-binary | action=commit
2025-07-23 08:41:00 | WARN | repo=arquillian-phantom-binary | action=commit
2025-06-20 16:59:00 | WARN | repo=arquillian-phantom-binary | action=commit
2025-06-17 08:21:00 | INFO | repo=arquillian-phantom-binary | action=pull
2025-12-14 11:08:00 | WARN | repo=arquillian-phantom-binary | action=commit
2025-04-02 08:52:00 | WARN | repo=arquillian-phantom-binary | action=commit
2025-10-07 07:08:00 | DEBUG | repo=arquillian-phantom-binary | action=edit | files=5
2025-01-26 18:13:00 | WARN | repo=arquillian-phantom-binary | action=edit | files=3
2025-11-03 15:46:00 | WARN | repo=arquillian-phantom-binary | action=pull
2025-08-24 12:12:00 | INFO | repo=arquillian-phantom-binary | action=commit
2025-01-07 15:28:00 | DEBUG | repo=arquillian-phantom-binary | action=commit
2025-08-18 15:26:00 | DEBUG | repo=arquillian-phantom-binary | action=pull
2025-07-08 16:28:00 | DEBUG | repo=arquillian-phantom-binary | action=pull
2025-12-06 12:40:00 | WARN | repo=arquillian-phantom-binary | action=pull
2025-02-12 11:59:00 | DEBUG | repo=arquillian-phantom-binary | action=commit
2025-04-01 07:39:00 | INFO | repo=arquillian-phantom-binary | action=commit
2025-08-26 09:15:00 | DEBUG | repo=arquillian-phantom-binary | action=edit | files=3
2025-10-27 16:00:00 | DEBUG | repo=arquillian-phantom-binary | action=commit
2025-06-04 12:42:00 | WARN | repo=arquillian-phantom-binary | action=commit
2025-07-15 08:51:00 | INFO | repo=arquillian-phantom-binary | action=commit
2025-08-04 10:56:00 | DEBUG | repo=arquillian-phantom-binary | action=commit
2025-11-14 14:43:00 | WARN | repo=arquillian-phantom-binary | action=commit
2025-09-10 14:35:00 | DEBUG | repo=arquillian-phantom-binary | action=commit
2025-03-09 21:30:00 | DEBUG | repo=arquillian-phantom-binary | action=edit | files=3
2025-12-03 11:55:00 | WARN | repo=arquillian-phantom-binary | action=commit
2025-04-20 15:08:00 | INFO | repo=arquillian-phantom-binary | action=commit
2025-02-27 12:52:00 | DEBUG | repo=arquillian-phantom-binary | action=commit
2025-05-10 08:28:00 | WARN | repo=arquillian-phantom-binary | action=test | passed=true
2025-07-16 18:05:00 | DEBUG | repo=arquillian-phantom-binary | action=pull
2025-06-10 07:00:00 | WARN | repo=arquillian-phantom-binary | action=commit
2025-11-17 09:38:00 | DEBUG | repo=arquillian-phantom-binary | action=commit
2025-06-06 21:42:00 | DEBUG | repo=arquillian-phantom-binary | action=pull
2025-12-21 12:16:00 | INFO | repo=arquillian-phantom-binary | action=commit
2025-10-16 21:09:00 | INFO | repo=arquillian-phantom-binary | action=commit
